2017/01/12 12:08:05 [error] [exception.CDbException] exception 'CDbException' with message 'CDbConnection failed to open the DB connection: SQLSTATE[HY000] [1045] Access denied for user 'otd'@'localhost' (using password: YES)' in /var/www/html/banhda/framework/db/CDbConnection.php:382
Stack trace:
#0 /var/www/html/banhda/framework/db/CDbConnection.php(330): CDbConnection->open()
#1 /var/www/html/banhda/framework/db/CDbConnection.php(308): CDbConnection->setActive(true)
#2 /var/www/html/banhda/framework/base/CModule.php(387): CDbConnection->init()
#3 /var/www/html/banhda/framework/base/CModule.php(103): CModule->getComponent('db')
#4 /var/www/html/banhda/BanhDa/protected/models/Viewcounts.php(89): CModule->__get('db')
#5 /var/www/html/banhda/BanhDa/protected/components/Controller.php(37): Viewcounts->newVisit()
#6 /var/www/html/banhda/framework/web/filters/CInlineFilter.php(58): Controller->filterProjectContext(Object(CFilterChain))
#7 /var/www/html/banhda/framework/web/filters/CFilterChain.php(130): CInlineFilter->filter(Object(CFilterChain))
#8 /var/www/html/banhda/framework/web/filters/CFilter.php(40): CFilterChain->run()
#9 /var/www/html/banhda/framework/web/CController.php(1145): CFilter->filter(Object(CFilterChain))
#10 /var/www/html/banhda/framework/web/filters/CInlineFilter.php(58): CController->filterAccessControl(Object(CFilterChain))
#11 /var/www/html/banhda/framework/web/filters/CFilterChain.php(130): CInlineFilter->filter(Object(CFilterChain))
#12 /var/www/html/banhda/framework/web/CController.php(291): CFilterChain->run()
#13 /var/www/html/banhda/framework/web/CController.php(265): CController->runActionWithFilters(Object(CInlineAction), Array)
#14 /var/www/html/banhda/framework/web/CWebApplication.php(282): CController->run('')
#15 /var/www/html/banhda/framework/web/CWebApplication.php(141): CWebApplication->runController('')
#16 /var/www/html/banhda/framework/base/CApplication.php(180): CWebApplication->processRequest()
#17 /var/www/html/banhda/BanhDa/index.php(13): CApplication->run()
#18 {main}
REQUEST_URI=/banhda/BanhDa/
---
2017/01/12 12:17:40 [error] [exception.CDbException] exception 'CDbException' with message 'CDbConnection failed to open the DB connection: SQLSTATE[HY000] [1045] Access denied for user 'otd'@'localhost' (using password: YES)' in /var/www/html/banhda/framework/db/CDbConnection.php:382
Stack trace:
#0 /var/www/html/banhda/framework/db/CDbConnection.php(330): CDbConnection->open()
#1 /var/www/html/banhda/framework/db/CDbConnection.php(308): CDbConnection->setActive(true)
#2 /var/www/html/banhda/framework/base/CModule.php(387): CDbConnection->init()
#3 /var/www/html/banhda/framework/base/CModule.php(103): CModule->getComponent('db')
#4 /var/www/html/banhda/BanhDa/protected/models/Viewcounts.php(89): CModule->__get('db')
#5 /var/www/html/banhda/BanhDa/protected/components/Controller.php(37): Viewcounts->newVisit()
#6 /var/www/html/banhda/framework/web/filters/CInlineFilter.php(58): Controller->filterProjectContext(Object(CFilterChain))
#7 /var/www/html/banhda/framework/web/filters/CFilterChain.php(130): CInlineFilter->filter(Object(CFilterChain))
#8 /var/www/html/banhda/framework/web/filters/CFilter.php(40): CFilterChain->run()
#9 /var/www/html/banhda/framework/web/CController.php(1145): CFilter->filter(Object(CFilterChain))
#10 /var/www/html/banhda/framework/web/filters/CInlineFilter.php(58): CController->filterAccessControl(Object(CFilterChain))
#11 /var/www/html/banhda/framework/web/filters/CFilterChain.php(130): CInlineFilter->filter(Object(CFilterChain))
#12 /var/www/html/banhda/framework/web/CController.php(291): CFilterChain->run()
#13 /var/www/html/banhda/framework/web/CController.php(265): CController->runActionWithFilters(Object(CInlineAction), Array)
#14 /var/www/html/banhda/framework/web/CWebApplication.php(282): CController->run('')
#15 /var/www/html/banhda/framework/web/CWebApplication.php(141): CWebApplication->runController('')
#16 /var/www/html/banhda/framework/base/CApplication.php(180): CWebApplication->processRequest()
#17 /var/www/html/banhda/BanhDa/index.php(13): CApplication->run()
#18 {main}
REQUEST_URI=/banhda/BanhDa/
---
2017/01/12 12:22:32 [error] [system.db.CDbCommand] CDbCommand::execute() failed: SQLSTATE[42S02]: Base table or view not found: 1146 Table 'banhda.viewcounts' doesn't exist. The SQL statement executed was: update viewcounts set total = total + 1;.
in /var/www/html/banhda/BanhDa/protected/models/Viewcounts.php (93)
in /var/www/html/banhda/BanhDa/protected/components/Controller.php (37)
in /var/www/html/banhda/BanhDa/index.php (13)
2017/01/12 12:22:32 [error] [exception.CDbException] exception 'CDbException' with message 'CDbCommand failed to execute the SQL statement: SQLSTATE[42S02]: Base table or view not found: 1146 Table 'banhda.viewcounts' doesn't exist. The SQL statement executed was: update viewcounts set total = total + 1;' in /var/www/html/banhda/framework/db/CDbCommand.php:358
Stack trace:
#0 /var/www/html/banhda/BanhDa/protected/models/Viewcounts.php(93): CDbCommand->execute()
#1 /var/www/html/banhda/BanhDa/protected/components/Controller.php(37): Viewcounts->newVisit()
#2 /var/www/html/banhda/framework/web/filters/CInlineFilter.php(58): Controller->filterProjectContext(Object(CFilterChain))
#3 /var/www/html/banhda/framework/web/filters/CFilterChain.php(130): CInlineFilter->filter(Object(CFilterChain))
#4 /var/www/html/banhda/framework/web/filters/CFilter.php(40): CFilterChain->run()
#5 /var/www/html/banhda/framework/web/CController.php(1145): CFilter->filter(Object(CFilterChain))
#6 /var/www/html/banhda/framework/web/filters/CInlineFilter.php(58): CController->filterAccessControl(Object(CFilterChain))
#7 /var/www/html/banhda/framework/web/filters/CFilterChain.php(130): CInlineFilter->filter(Object(CFilterChain))
#8 /var/www/html/banhda/framework/web/CController.php(291): CFilterChain->run()
#9 /var/www/html/banhda/framework/web/CController.php(265): CController->runActionWithFilters(Object(CInlineAction), Array)
#10 /var/www/html/banhda/framework/web/CWebApplication.php(282): CController->run('')
#11 /var/www/html/banhda/framework/web/CWebApplication.php(141): CWebApplication->runController('')
#12 /var/www/html/banhda/framework/base/CApplication.php(180): CWebApplication->processRequest()
#13 /var/www/html/banhda/BanhDa/index.php(13): CApplication->run()
#14 {main}
REQUEST_URI=/banhda/BanhDa/
---
2017/01/12 12:23:35 [error] [system.db.CDbCommand] CDbCommand::execute() failed: SQLSTATE[42S22]: Column not found: 1054 Unknown column 'total' in 'field list'. The SQL statement executed was: update viewcounts set total = total + 1;.
in /var/www/html/banhda/BanhDa/protected/models/Viewcounts.php (93)
in /var/www/html/banhda/BanhDa/protected/components/Controller.php (37)
in /var/www/html/banhda/BanhDa/index.php (13)
2017/01/12 12:23:35 [error] [exception.CDbException] exception 'CDbException' with message 'CDbCommand failed to execute the SQL statement: SQLSTATE[42S22]: Column not found: 1054 Unknown column 'total' in 'field list'. The SQL statement executed was: update viewcounts set total = total + 1;' in /var/www/html/banhda/framework/db/CDbCommand.php:358
Stack trace:
#0 /var/www/html/banhda/BanhDa/protected/models/Viewcounts.php(93): CDbCommand->execute()
#1 /var/www/html/banhda/BanhDa/protected/components/Controller.php(37): Viewcounts->newVisit()
#2 /var/www/html/banhda/framework/web/filters/CInlineFilter.php(58): Controller->filterProjectContext(Object(CFilterChain))
#3 /var/www/html/banhda/framework/web/filters/CFilterChain.php(130): CInlineFilter->filter(Object(CFilterChain))
#4 /var/www/html/banhda/framework/web/filters/CFilter.php(40): CFilterChain->run()
#5 /var/www/html/banhda/framework/web/CController.php(1145): CFilter->filter(Object(CFilterChain))
#6 /var/www/html/banhda/framework/web/filters/CInlineFilter.php(58): CController->filterAccessControl(Object(CFilterChain))
#7 /var/www/html/banhda/framework/web/filters/CFilterChain.php(130): CInlineFilter->filter(Object(CFilterChain))
#8 /var/www/html/banhda/framework/web/CController.php(291): CFilterChain->run()
#9 /var/www/html/banhda/framework/web/CController.php(265): CController->runActionWithFilters(Object(CInlineAction), Array)
#10 /var/www/html/banhda/framework/web/CWebApplication.php(282): CController->run('')
#11 /var/www/html/banhda/framework/web/CWebApplication.php(141): CWebApplication->runController('')
#12 /var/www/html/banhda/framework/base/CApplication.php(180): CWebApplication->processRequest()
#13 /var/www/html/banhda/BanhDa/index.php(13): CApplication->run()
#14 {main}
REQUEST_URI=/banhda/BanhDa/
---
2017/01/12 12:26:46 [error] [php] Undefined variable: total (/var/www/html/banhda/BanhDa/protected/models/Viewcounts.php:112)
Stack trace:
#0 /var/www/html/banhda/framework/web/CBaseController.php(95): HomesController->renderInternal()
#1 /var/www/html/banhda/framework/web/widgets/CContentDecorator.php(76): HomesController->renderFile()
#2 /var/www/html/banhda/framework/web/widgets/CContentDecorator.php(54): CContentDecorator->decorate()
#3 /var/www/html/banhda/framework/web/widgets/COutputProcessor.php(44): CContentDecorator->processOutput()
#4 /var/www/html/banhda/framework/web/CBaseController.php(206): CContentDecorator->run()
#5 /var/www/html/banhda/framework/web/CBaseController.php(300): HomesController->endWidget()
#6 /var/www/html/banhda/BanhDa/protected/views/layouts/column1.php(6): HomesController->endContent()
#7 /var/www/html/banhda/framework/web/CBaseController.php(126): require()
#8 /var/www/html/banhda/framework/web/CBaseController.php(95): HomesController->renderInternal()
#9 /var/www/html/banhda/framework/web/CController.php(784): HomesController->renderFile()
#10 /var/www/html/banhda/BanhDa/protected/controllers/HomesController.php(39): HomesController->render()
#11 /var/www/html/banhda/framework/web/actions/CInlineAction.php(49): HomesController->actionIndex()
#12 /var/www/html/banhda/framework/web/CController.php(308): CInlineAction->runWithParams()
#13 /var/www/html/banhda/framework/web/filters/CFilterChain.php(133): HomesController->runAction()
#14 /var/www/html/banhda/BanhDa/protected/components/Controller.php(46): CFilterChain->run()
#15 /var/www/html/banhda/framework/web/filters/CInlineFilter.php(58): HomesController->filterProjectContext()
#16 /var/www/html/banhda/framework/web/filters/CFilterChain.php(130): CInlineFilter->filter()
#17 /var/www/html/banhda/framework/web/filters/CFilter.php(40): CFilterChain->run()
#18 /var/www/html/banhda/framework/web/CController.php(1145): CAccessControlFilter->filter()
#19 /var/www/html/banhda/framework/web/filters/CInlineFilter.php(58): HomesController->filterAccessControl()
#20 /var/www/html/banhda/framework/web/filters/CFilterChain.php(130): CInlineFilter->filter()
#21 /var/www/html/banhda/framework/web/CController.php(291): CFilterChain->run()
#22 /var/www/html/banhda/framework/web/CController.php(265): HomesController->runActionWithFilters()
#23 /var/www/html/banhda/framework/web/CWebApplication.php(282): HomesController->run()
#24 /var/www/html/banhda/framework/web/CWebApplication.php(141): CWebApplication->runController()
#25 /var/www/html/banhda/framework/base/CApplication.php(180): CWebApplication->processRequest()
#26 /var/www/html/banhda/BanhDa/index.php(13): CWebApplication->run()
REQUEST_URI=/banhda/BanhDa/
in /var/www/html/banhda/BanhDa/protected/models/Viewcounts.php (112)
in /var/www/html/banhda/BanhDa/protected/views/layouts/head.php (297)
in /var/www/html/banhda/BanhDa/protected/views/layouts/column1.php (6)
2017/01/16 10:43:29 [error] [exception.CDbException] exception 'CDbException' with message 'CDbConnection failed to open the DB connection: SQLSTATE[HY000] [2002] php_network_getaddresses: getaddrinfo failed: Name or service not known' in /var/www/html/banhda/framework/db/CDbConnection.php:382
Stack trace:
#0 /var/www/html/banhda/framework/db/CDbConnection.php(330): CDbConnection->open()
#1 /var/www/html/banhda/framework/db/CDbConnection.php(308): CDbConnection->setActive(true)
#2 /var/www/html/banhda/framework/base/CModule.php(387): CDbConnection->init()
#3 /var/www/html/banhda/framework/base/CModule.php(103): CModule->getComponent('db')
#4 /var/www/html/banhda/BanhDa/protected/models/Viewcounts.php(89): CModule->__get('db')
#5 /var/www/html/banhda/BanhDa/protected/components/Controller.php(37): Viewcounts->newVisit()
#6 /var/www/html/banhda/framework/web/filters/CInlineFilter.php(58): Controller->filterProjectContext(Object(CFilterChain))
#7 /var/www/html/banhda/framework/web/filters/CFilterChain.php(130): CInlineFilter->filter(Object(CFilterChain))
#8 /var/www/html/banhda/framework/web/filters/CFilter.php(40): CFilterChain->run()
#9 /var/www/html/banhda/framework/web/CController.php(1145): CFilter->filter(Object(CFilterChain))
#10 /var/www/html/banhda/framework/web/filters/CInlineFilter.php(58): CController->filterAccessControl(Object(CFilterChain))
#11 /var/www/html/banhda/framework/web/filters/CFilterChain.php(130): CInlineFilter->filter(Object(CFilterChain))
#12 /var/www/html/banhda/framework/web/CController.php(291): CFilterChain->run()
#13 /var/www/html/banhda/framework/web/CController.php(265): CController->runActionWithFilters(Object(CInlineAction), Array)
#14 /var/www/html/banhda/framework/web/CWebApplication.php(282): CController->run('')
#15 /var/www/html/banhda/framework/web/CWebApplication.php(141): CWebApplication->runController('')
#16 /var/www/html/banhda/framework/base/CApplication.php(180): CWebApplication->processRequest()
#17 /var/www/html/banhda/BanhDa/index.php(13): CApplication->run()
#18 {main}
REQUEST_URI=/banhda/BanhDa/
HTTP_REFERER=http://52.198.213.238/banhda/
---
2017/08/10 11:40:14 [error] [exception.CDbException] exception 'CDbException' with message 'CDbConnection failed to open the DB connection: SQLSTATE[HY000] [2002] php_network_getaddresses: getaddrinfo failed: Name or service not known' in /var/www/html/vietphat/framework/db/CDbConnection.php:382
Stack trace:
#0 /var/www/html/vietphat/framework/db/CDbConnection.php(330): CDbConnection->open()
#1 /var/www/html/vietphat/framework/db/CDbConnection.php(308): CDbConnection->setActive(true)
#2 /var/www/html/vietphat/framework/base/CModule.php(387): CDbConnection->init()
#3 /var/www/html/vietphat/framework/base/CModule.php(103): CModule->getComponent('db')
#4 /var/www/html/vietphat/vietphat/protected/models/Viewcounts.php(89): CModule->__get('db')
#5 /var/www/html/vietphat/vietphat/protected/components/Controller.php(37): Viewcounts->newVisit()
#6 /var/www/html/vietphat/framework/web/filters/CInlineFilter.php(58): Controller->filterProjectContext(Object(CFilterChain))
#7 /var/www/html/vietphat/framework/web/filters/CFilterChain.php(130): CInlineFilter->filter(Object(CFilterChain))
#8 /var/www/html/vietphat/framework/web/filters/CFilter.php(40): CFilterChain->run()
#9 /var/www/html/vietphat/framework/web/CController.php(1145): CFilter->filter(Object(CFilterChain))
#10 /var/www/html/vietphat/framework/web/filters/CInlineFilter.php(58): CController->filterAccessControl(Object(CFilterChain))
#11 /var/www/html/vietphat/framework/web/filters/CFilterChain.php(130): CInlineFilter->filter(Object(CFilterChain))
#12 /var/www/html/vietphat/framework/web/CController.php(291): CFilterChain->run()
#13 /var/www/html/vietphat/framework/web/CController.php(265): CController->runActionWithFilters(Object(CInlineAction), Array)
#14 /var/www/html/vietphat/framework/web/CWebApplication.php(282): CController->run('')
#15 /var/www/html/vietphat/framework/web/CWebApplication.php(141): CWebApplication->runController('')
#16 /var/www/html/vietphat/framework/base/CApplication.php(180): CWebApplication->processRequest()
#17 /var/www/html/vietphat/vietphat/index.php(13): CApplication->run()
#18 {main}
REQUEST_URI=/vietphat/vietphat/
HTTP_REFERER=http://52.199.62.209/vietphat/
---
2017/08/10 11:51:41 [error] [exception.CHttpException.404] exception 'CHttpException' with message 'The system is unable to find the requested action "mychu_files".' in /var/www/html/vietphat/framework/web/CController.php:483
Stack trace:
#0 /var/www/html/vietphat/framework/web/CController.php(270): CController->missingAction('mychu_files')
#1 /var/www/html/vietphat/framework/web/CWebApplication.php(282): CController->run('mychu_files')
#2 /var/www/html/vietphat/framework/web/CWebApplication.php(141): CWebApplication->runController('amthuc/mychu_fi...')
#3 /var/www/html/vietphat/framework/base/CApplication.php(180): CWebApplication->processRequest()
#4 /var/www/html/vietphat/vietphat/index.php(13): CApplication->run()
#5 {main}
REQUEST_URI=/vietphat/vietphat/amthuc/mychu_files/menungang1.png
HTTP_REFERER=http://52.199.62.209/vietphat/vietphat/amthuc/index
---
2017/08/10 11:51:44 [error] [exception.CHttpException.404] exception 'CHttpException' with message 'Unable to resolve the request "images/Product/a8a89db81036e9035e1f1dfcdc6993c8.jpg".' in /var/www/html/vietphat/framework/web/CWebApplication.php:286
Stack trace:
#0 /var/www/html/vietphat/framework/web/CWebApplication.php(141): CWebApplication->runController('images/Product/...')
#1 /var/www/html/vietphat/framework/base/CApplication.php(180): CWebApplication->processRequest()
#2 /var/www/html/vietphat/vietphat/index.php(13): CApplication->run()
#3 {main}
REQUEST_URI=/vietphat/vietphat/images/Product/a8a89db81036e9035e1f1dfcdc6993c8.jpg
HTTP_REFERER=http://52.199.62.209/vietphat/vietphat/categorys/index
---
2017/08/10 11:51:44 [error] [exception.CHttpException.404] exception 'CHttpException' with message 'The system is unable to find the requested action "mychu_files".' in /var/www/html/vietphat/framework/web/CController.php:483
Stack trace:
#0 /var/www/html/vietphat/framework/web/CController.php(270): CController->missingAction('mychu_files')
#1 /var/www/html/vietphat/framework/web/CWebApplication.php(282): CController->run('mychu_files')
#2 /var/www/html/vietphat/framework/web/CWebApplication.php(141): CWebApplication->runController('categorys/mychu...')
#3 /var/www/html/vietphat/framework/base/CApplication.php(180): CWebApplication->processRequest()
#4 /var/www/html/vietphat/vietphat/index.php(13): CApplication->run()
#5 {main}
REQUEST_URI=/vietphat/vietphat/categorys/mychu_files/menungang1.png
HTTP_REFERER=http://52.199.62.209/vietphat/vietphat/categorys/index
---
2017/08/10 11:51:44 [error] [exception.CHttpException.404] exception 'CHttpException' with message 'The system is unable to find the requested action "mychu_files".' in /var/www/html/vietphat/framework/web/CController.php:483
Stack trace:
#0 /var/www/html/vietphat/framework/web/CController.php(270): CController->missingAction('mychu_files')
#1 /var/www/html/vietphat/framework/web/CWebApplication.php(282): CController->run('mychu_files')
#2 /var/www/html/vietphat/framework/web/CWebApplication.php(141): CWebApplication->runController('news/mychu_file...')
#3 /var/www/html/vietphat/framework/base/CApplication.php(180): CWebApplication->processRequest()
#4 /var/www/html/vietphat/vietphat/index.php(13): CApplication->run()
#5 {main}
REQUEST_URI=/vietphat/vietphat/news/mychu_files/menungang1.png
HTTP_REFERER=http://52.199.62.209/vietphat/vietphat/news/index
---
2017/08/10 11:51:45 [error] [exception.CHttpException.404] exception 'CHttpException' with message 'The system is unable to find the requested action "mychu_files".' in /var/www/html/vietphat/framework/web/CController.php:483
Stack trace:
#0 /var/www/html/vietphat/framework/web/CController.php(270): CController->missingAction('mychu_files')
#1 /var/www/html/vietphat/framework/web/CWebApplication.php(282): CController->run('mychu_files')
#2 /var/www/html/vietphat/framework/web/CWebApplication.php(141): CWebApplication->runController('amthuc/mychu_fi...')
#3 /var/www/html/vietphat/framework/base/CApplication.php(180): CWebApplication->processRequest()
#4 /var/www/html/vietphat/vietphat/index.php(13): CApplication->run()
#5 {main}
REQUEST_URI=/vietphat/vietphat/amthuc/mychu_files/menungang1.png
HTTP_REFERER=http://52.199.62.209/vietphat/vietphat/amthuc/index
---
2017/08/10 11:51:45 [error] [exception.CHttpException.404] exception 'CHttpException' with message 'The system is unable to find the requested action "mychu_files".' in /var/www/html/vietphat/framework/web/CController.php:483
Stack trace:
#0 /var/www/html/vietphat/framework/web/CController.php(270): CController->missingAction('mychu_files')
#1 /var/www/html/vietphat/framework/web/CWebApplication.php(282): CController->run('mychu_files')
#2 /var/www/html/vietphat/framework/web/CWebApplication.php(141): CWebApplication->runController('store/mychu_fil...')
#3 /var/www/html/vietphat/framework/base/CApplication.php(180): CWebApplication->processRequest()
#4 /var/www/html/vietphat/vietphat/index.php(13): CApplication->run()
#5 {main}
REQUEST_URI=/vietphat/vietphat/store/mychu_files/menungang1.png
HTTP_REFERER=http://52.199.62.209/vietphat/vietphat/store/index
---
2017/08/10 11:51:47 [error] [exception.CHttpException.404] exception 'CHttpException' with message 'The system is unable to find the requested action "mychu_files".' in /var/www/html/vietphat/framework/web/CController.php:483
Stack trace:
#0 /var/www/html/vietphat/framework/web/CController.php(270): CController->missingAction('mychu_files')
#1 /var/www/html/vietphat/framework/web/CWebApplication.php(282): CController->run('mychu_files')
#2 /var/www/html/vietphat/framework/web/CWebApplication.php(141): CWebApplication->runController('baogia/mychu_fi...')
#3 /var/www/html/vietphat/framework/base/CApplication.php(180): CWebApplication->processRequest()
#4 /var/www/html/vietphat/vietphat/index.php(13): CApplication->run()
#5 {main}
REQUEST_URI=/vietphat/vietphat/baogia/mychu_files/menungang1.png
HTTP_REFERER=http://52.199.62.209/vietphat/vietphat/baogia/index
---
2017/08/10 11:51:48 [error] [exception.CHttpException.404] exception 'CHttpException' with message 'The system is unable to find the requested action "mychu_files".' in /var/www/html/vietphat/framework/web/CController.php:483
Stack trace:
#0 /var/www/html/vietphat/framework/web/CController.php(270): CController->missingAction('mychu_files')
#1 /var/www/html/vietphat/framework/web/CWebApplication.php(282): CController->run('mychu_files')
#2 /var/www/html/vietphat/framework/web/CWebApplication.php(141): CWebApplication->runController('tuyendung/mychu...')
#3 /var/www/html/vietphat/framework/base/CApplication.php(180): CWebApplication->processRequest()
#4 /var/www/html/vietphat/vietphat/index.php(13): CApplication->run()
#5 {main}
REQUEST_URI=/vietphat/vietphat/tuyendung/mychu_files/menungang1.png
HTTP_REFERER=http://52.199.62.209/vietphat/vietphat/tuyendung/index
---
2017/08/10 11:51:49 [error] [exception.CHttpException.404] exception 'CHttpException' with message 'The system is unable to find the requested action "mychu_files".' in /var/www/html/vietphat/framework/web/CController.php:483
Stack trace:
#0 /var/www/html/vietphat/framework/web/CController.php(270): CController->missingAction('mychu_files')
#1 /var/www/html/vietphat/framework/web/CWebApplication.php(282): CController->run('mychu_files')
#2 /var/www/html/vietphat/framework/web/CWebApplication.php(141): CWebApplication->runController('homes/mychu_fil...')
#3 /var/www/html/vietphat/framework/base/CApplication.php(180): CWebApplication->processRequest()
#4 /var/www/html/vietphat/vietphat/index.php(13): CApplication->run()
#5 {main}
REQUEST_URI=/vietphat/vietphat/homes/mychu_files/menungang1.png
HTTP_REFERER=http://52.199.62.209/vietphat/vietphat/homes/index
---
2017/08/10 11:51:51 [error] [exception.CDbException] exception 'CDbException' with message 'Column name must be either a string or an array.' in /var/www/html/vietphat/framework/db/schema/CDbCommandBuilder.php:828
Stack trace:
#0 /var/www/html/vietphat/framework/db/schema/CDbCommandBuilder.php(621): CDbCommandBuilder->createInCondition(Object(CMysqlTableSchema), NULL, Array, '`t`.')
#1 /var/www/html/vietphat/framework/db/ar/CActiveRecord.php(1485): CDbCommandBuilder->createPkCriteria(Object(CMysqlTableSchema), '1', '', Array, '`t`.')
#2 /var/www/html/vietphat/vietphat/protected/controllers/IntroducesController.php(148): CActiveRecord->findByPk('1')
#3 /var/www/html/vietphat/vietphat/protected/controllers/IntroducesController.php(43): IntroducesController->loadModel('1')
#4 [internal function]: IntroducesController->actionView('1')
#5 /var/www/html/vietphat/framework/web/actions/CAction.php(108): ReflectionMethod->invokeArgs(Object(IntroducesController), Array)
#6 /var/www/html/vietphat/framework/web/actions/CInlineAction.php(47): CAction->runWithParamsInternal(Object(IntroducesController), Object(ReflectionMethod), Array)
#7 /var/www/html/vietphat/framework/web/CController.php(308): CInlineAction->runWithParams(Array)
#8 /var/www/html/vietphat/framework/web/filters/CFilterChain.php(133): CController->runAction(Object(CInlineAction))
#9 /var/www/html/vietphat/vietphat/protected/components/Controller.php(46): CFilterChain->run()
#10 /var/www/html/vietphat/framework/web/filters/CInlineFilter.php(58): Controller->filterProjectContext(Object(CFilterChain))
#11 /var/www/html/vietphat/framework/web/filters/CFilterChain.php(130): CInlineFilter->filter(Object(CFilterChain))
#12 /var/www/html/vietphat/framework/web/filters/CFilter.php(40): CFilterChain->run()
#13 /var/www/html/vietphat/framework/web/CController.php(1145): CFilter->filter(Object(CFilterChain))
#14 /var/www/html/vietphat/framework/web/filters/CInlineFilter.php(58): CController->filterAccessControl(Object(CFilterChain))
#15 /var/www/html/vietphat/framework/web/filters/CFilterChain.php(130): CInlineFilter->filter(Object(CFilterChain))
#16 /var/www/html/vietphat/framework/web/CController.php(291): CFilterChain->run()
#17 /var/www/html/vietphat/framework/web/CController.php(265): CController->runActionWithFilters(Object(CInlineAction), Array)
#18 /var/www/html/vietphat/framework/web/CWebApplication.php(282): CController->run('view')
#19 /var/www/html/vietphat/framework/web/CWebApplication.php(141): CWebApplication->runController('introduces/view')
#20 /var/www/html/vietphat/framework/base/CApplication.php(180): CWebApplication->processRequest()
#21 /var/www/html/vietphat/vietphat/index.php(13): CApplication->run()
#22 {main}
REQUEST_URI=/vietphat/vietphat/introduces/1
HTTP_REFERER=http://52.199.62.209/vietphat/vietphat/homes/index
---
2017/08/10 11:51:58 [error] [exception.CHttpException.404] exception 'CHttpException' with message 'The system is unable to find the requested action "mychu_files".' in /var/www/html/vietphat/framework/web/CController.php:483
Stack trace:
#0 /var/www/html/vietphat/framework/web/CController.php(270): CController->missingAction('mychu_files')
#1 /var/www/html/vietphat/framework/web/CWebApplication.php(282): CController->run('mychu_files')
#2 /var/www/html/vietphat/framework/web/CWebApplication.php(141): CWebApplication->runController('homes/mychu_fil...')
#3 /var/www/html/vietphat/framework/base/CApplication.php(180): CWebApplication->processRequest()
#4 /var/www/html/vietphat/vietphat/index.php(13): CApplication->run()
#5 {main}
REQUEST_URI=/vietphat/vietphat/homes/mychu_files/menungang1.png
HTTP_REFERER=http://52.199.62.209/vietphat/vietphat/homes/index
---
2017/08/10 11:52:03 [error] [exception.CDbException] exception 'CDbException' with message 'Column name must be either a string or an array.' in /var/www/html/vietphat/framework/db/schema/CDbCommandBuilder.php:828
Stack trace:
#0 /var/www/html/vietphat/framework/db/schema/CDbCommandBuilder.php(621): CDbCommandBuilder->createInCondition(Object(CMysqlTableSchema), NULL, Array, '`t`.')
#1 /var/www/html/vietphat/framework/db/ar/CActiveRecord.php(1485): CDbCommandBuilder->createPkCriteria(Object(CMysqlTableSchema), '1', '', Array, '`t`.')
#2 /var/www/html/vietphat/vietphat/protected/controllers/CategorysController.php(189): CActiveRecord->findByPk('1')
#3 /var/www/html/vietphat/vietphat/protected/controllers/CategorysController.php(44): CategorysController->loadModel('1')
#4 [internal function]: CategorysController->actionView('1')
#5 /var/www/html/vietphat/framework/web/actions/CAction.php(108): ReflectionMethod->invokeArgs(Object(CategorysController), Array)
#6 /var/www/html/vietphat/framework/web/actions/CInlineAction.php(47): CAction->runWithParamsInternal(Object(CategorysController), Object(ReflectionMethod), Array)
#7 /var/www/html/vietphat/framework/web/CController.php(308): CInlineAction->runWithParams(Array)
#8 /var/www/html/vietphat/framework/web/filters/CFilterChain.php(133): CController->runAction(Object(CInlineAction))
#9 /var/www/html/vietphat/vietphat/protected/components/Controller.php(46): CFilterChain->run()
#10 /var/www/html/vietphat/framework/web/filters/CInlineFilter.php(58): Controller->filterProjectContext(Object(CFilterChain))
#11 /var/www/html/vietphat/framework/web/filters/CFilterChain.php(130): CInlineFilter->filter(Object(CFilterChain))
#12 /var/www/html/vietphat/framework/web/filters/CFilter.php(40): CFilterChain->run()
#13 /var/www/html/vietphat/framework/web/CController.php(1145): CFilter->filter(Object(CFilterChain))
#14 /var/www/html/vietphat/framework/web/filters/CInlineFilter.php(58): CController->filterAccessControl(Object(CFilterChain))
#15 /var/www/html/vietphat/framework/web/filters/CFilterChain.php(130): CInlineFilter->filter(Object(CFilterChain))
#16 /var/www/html/vietphat/framework/web/CController.php(291): CFilterChain->run()
#17 /var/www/html/vietphat/framework/web/CController.php(265): CController->runActionWithFilters(Object(CInlineAction), Array)
#18 /var/www/html/vietphat/framework/web/CWebApplication.php(282): CController->run('view')
#19 /var/www/html/vietphat/framework/web/CWebApplication.php(141): CWebApplication->runController('categorys/view')
#20 /var/www/html/vietphat/framework/base/CApplication.php(180): CWebApplication->processRequest()
#21 /var/www/html/vietphat/vietphat/index.php(13): CApplication->run()
#22 {main}
REQUEST_URI=/vietphat/vietphat/categorys/1
HTTP_REFERER=http://52.199.62.209/vietphat/vietphat/homes/index
---
2017/08/10 11:52:14 [error] [exception.CHttpException.404] exception 'CHttpException' with message 'The system is unable to find the requested action "mychu_files".' in /var/www/html/vietphat/framework/web/CController.php:483
Stack trace:
#0 /var/www/html/vietphat/framework/web/CController.php(270): CController->missingAction('mychu_files')
#1 /var/www/html/vietphat/framework/web/CWebApplication.php(282): CController->run('mychu_files')
#2 /var/www/html/vietphat/framework/web/CWebApplication.php(141): CWebApplication->runController('homes/mychu_fil...')
#3 /var/www/html/vietphat/framework/base/CApplication.php(180): CWebApplication->processRequest()
#4 /var/www/html/vietphat/vietphat/index.php(13): CApplication->run()
#5 {main}
REQUEST_URI=/vietphat/vietphat/homes/mychu_files/menungang1.png
HTTP_REFERER=http://52.199.62.209/vietphat/vietphat/homes/index
---
2017/08/10 11:52:20 [error] [exception.CDbException] exception 'CDbException' with message 'Column name must be either a string or an array.' in /var/www/html/vietphat/framework/db/schema/CDbCommandBuilder.php:828
Stack trace:
#0 /var/www/html/vietphat/framework/db/schema/CDbCommandBuilder.php(621): CDbCommandBuilder->createInCondition(Object(CMysqlTableSchema), NULL, Array, '`t`.')
#1 /var/www/html/vietphat/framework/db/ar/CActiveRecord.php(1485): CDbCommandBuilder->createPkCriteria(Object(CMysqlTableSchema), '1', '', Array, '`t`.')
#2 /var/www/html/vietphat/vietphat/protected/controllers/CategorysController.php(189): CActiveRecord->findByPk('1')
#3 /var/www/html/vietphat/vietphat/protected/controllers/CategorysController.php(44): CategorysController->loadModel('1')
#4 [internal function]: CategorysController->actionView('1')
#5 /var/www/html/vietphat/framework/web/actions/CAction.php(108): ReflectionMethod->invokeArgs(Object(CategorysController), Array)
#6 /var/www/html/vietphat/framework/web/actions/CInlineAction.php(47): CAction->runWithParamsInternal(Object(CategorysController), Object(ReflectionMethod), Array)
#7 /var/www/html/vietphat/framework/web/CController.php(308): CInlineAction->runWithParams(Array)
#8 /var/www/html/vietphat/framework/web/filters/CFilterChain.php(133): CController->runAction(Object(CInlineAction))
#9 /var/www/html/vietphat/vietphat/protected/components/Controller.php(46): CFilterChain->run()
#10 /var/www/html/vietphat/framework/web/filters/CInlineFilter.php(58): Controller->filterProjectContext(Object(CFilterChain))
#11 /var/www/html/vietphat/framework/web/filters/CFilterChain.php(130): CInlineFilter->filter(Object(CFilterChain))
#12 /var/www/html/vietphat/framework/web/filters/CFilter.php(40): CFilterChain->run()
#13 /var/www/html/vietphat/framework/web/CController.php(1145): CFilter->filter(Object(CFilterChain))
#14 /var/www/html/vietphat/framework/web/filters/CInlineFilter.php(58): CController->filterAccessControl(Object(CFilterChain))
#15 /var/www/html/vietphat/framework/web/filters/CFilterChain.php(130): CInlineFilter->filter(Object(CFilterChain))
#16 /var/www/html/vietphat/framework/web/CController.php(291): CFilterChain->run()
#17 /var/www/html/vietphat/framework/web/CController.php(265): CController->runActionWithFilters(Object(CInlineAction), Array)
#18 /var/www/html/vietphat/framework/web/CWebApplication.php(282): CController->run('view')
#19 /var/www/html/vietphat/framework/web/CWebApplication.php(141): CWebApplication->runController('categorys/view')
#20 /var/www/html/vietphat/framework/base/CApplication.php(180): CWebApplication->processRequest()
#21 /var/www/html/vietphat/vietphat/index.php(13): CApplication->run()
#22 {main}
REQUEST_URI=/vietphat/vietphat/categorys/1
HTTP_REFERER=http://52.199.62.209/vietphat/vietphat/homes/index
---
2017/08/10 11:52:22 [error] [exception.CHttpException.404] exception 'CHttpException' with message 'The system is unable to find the requested action "mychu_files".' in /var/www/html/vietphat/framework/web/CController.php:483
Stack trace:
#0 /var/www/html/vietphat/framework/web/CController.php(270): CController->missingAction('mychu_files')
#1 /var/www/html/vietphat/framework/web/CWebApplication.php(282): CController->run('mychu_files')
#2 /var/www/html/vietphat/framework/web/CWebApplication.php(141): CWebApplication->runController('homes/mychu_fil...')
#3 /var/www/html/vietphat/framework/base/CApplication.php(180): CWebApplication->processRequest()
#4 /var/www/html/vietphat/vietphat/index.php(13): CApplication->run()
#5 {main}
REQUEST_URI=/vietphat/vietphat/homes/mychu_files/menungang1.png
HTTP_REFERER=http://52.199.62.209/vietphat/vietphat/homes/index
---
2017/08/10 11:52:27 [error] [php] date(): It is not safe to rely on the system's timezone settings. You are *required* to use the date.timezone setting or the date_default_timezone_set() function. In case you used any of those methods and you are still getting this warning, you most likely misspelled the timezone identifier. We selected the timezone 'UTC' for now, but please set date.timezone to select your timezone. (/var/www/html/vietphat/vietphat/protected/views/layouts/main.php:65)
Stack trace:
#0 /var/www/html/vietphat/framework/web/CBaseController.php(95): AdminController->renderInternal()
#1 /var/www/html/vietphat/framework/web/CController.php(784): AdminController->renderFile()
#2 /var/www/html/vietphat/vietphat/protected/controllers/AdminController.php(134): AdminController->render()
#3 /var/www/html/vietphat/framework/web/actions/CInlineAction.php(49): AdminController->actionLogin()
#4 /var/www/html/vietphat/framework/web/CController.php(308): CInlineAction->runWithParams()
#5 /var/www/html/vietphat/framework/web/filters/CFilterChain.php(133): AdminController->runAction()
#6 /var/www/html/vietphat/framework/web/filters/CFilter.php(40): CFilterChain->run()
#7 /var/www/html/vietphat/framework/web/CController.php(1145): CAccessControlFilter->filter()
#8 /var/www/html/vietphat/framework/web/filters/CInlineFilter.php(58): AdminController->filterAccessControl()
#9 /var/www/html/vietphat/framework/web/filters/CFilterChain.php(130): CInlineFilter->filter()
#10 /var/www/html/vietphat/framework/web/CController.php(291): CFilterChain->run()
#11 /var/www/html/vietphat/framework/web/CController.php(265): AdminController->runActionWithFilters()
#12 /var/www/html/vietphat/framework/web/CWebApplication.php(282): AdminController->run()
#13 /var/www/html/vietphat/framework/web/CWebApplication.php(141): CWebApplication->runController()
#14 /var/www/html/vietphat/framework/base/CApplication.php(180): CWebApplication->processRequest()
#15 /var/www/html/vietphat/vietphat/index.php(13): CWebApplication->run()
REQUEST_URI=/vietphat/vietphat/admin/login
in /var/www/html/vietphat/vietphat/protected/views/layouts/main.php (65)
in /var/www/html/vietphat/vietphat/protected/controllers/AdminController.php (134)
in /var/www/html/vietphat/vietphat/index.php (13)
2017/08/10 11:55:14 [error] [php] date(): It is not safe to rely on the system's timezone settings. You are *required* to use the date.timezone setting or the date_default_timezone_set() function. In case you used any of those methods and you are still getting this warning, you most likely misspelled the timezone identifier. We selected the timezone 'UTC' for now, but please set date.timezone to select your timezone. (/var/www/html/vietphat/vietphat/protected/views/layouts/main.php:65)
Stack trace:
#0 /var/www/html/vietphat/framework/web/CBaseController.php(95): AdminController->renderInternal()
#1 /var/www/html/vietphat/framework/web/CController.php(784): AdminController->renderFile()
#2 /var/www/html/vietphat/vietphat/protected/controllers/AdminController.php(134): AdminController->render()
#3 /var/www/html/vietphat/framework/web/actions/CInlineAction.php(49): AdminController->actionLogin()
#4 /var/www/html/vietphat/framework/web/CController.php(308): CInlineAction->runWithParams()
#5 /var/www/html/vietphat/framework/web/filters/CFilterChain.php(133): AdminController->runAction()
#6 /var/www/html/vietphat/framework/web/filters/CFilter.php(40): CFilterChain->run()
#7 /var/www/html/vietphat/framework/web/CController.php(1145): CAccessControlFilter->filter()
#8 /var/www/html/vietphat/framework/web/filters/CInlineFilter.php(58): AdminController->filterAccessControl()
#9 /var/www/html/vietphat/framework/web/filters/CFilterChain.php(130): CInlineFilter->filter()
#10 /var/www/html/vietphat/framework/web/CController.php(291): CFilterChain->run()
#11 /var/www/html/vietphat/framework/web/CController.php(265): AdminController->runActionWithFilters()
#12 /var/www/html/vietphat/framework/web/CWebApplication.php(282): AdminController->run()
#13 /var/www/html/vietphat/framework/web/CWebApplication.php(141): CWebApplication->runController()
#14 /var/www/html/vietphat/framework/base/CApplication.php(180): CWebApplication->processRequest()
#15 /var/www/html/vietphat/vietphat/index.php(13): CWebApplication->run()
REQUEST_URI=/vietphat/vietphat/admin/login
in /var/www/html/vietphat/vietphat/protected/views/layouts/main.php (65)
in /var/www/html/vietphat/vietphat/protected/controllers/AdminController.php (134)
in /var/www/html/vietphat/vietphat/index.php (13)
2017/08/10 18:56:34 [error] [exception.CException] exception 'CException' with message 'CAssetManager.basePath "/var/www/html/vietphat/vietphat/assets" is invalid. Please make sure the directory exists and is writable by the Web server process.' in /var/www/html/vietphat/framework/web/CAssetManager.php:138
Stack trace:
#0 /var/www/html/vietphat/framework/web/CAssetManager.php(123): CAssetManager->setBasePath('/var/www/html/v...')
#1 /var/www/html/vietphat/framework/web/CAssetManager.php(217): CAssetManager->getBasePath()
#2 /var/www/html/vietphat/framework/web/CClientScript.php(510): CAssetManager->publish('/var/www/html/v...')
#3 /var/www/html/vietphat/framework/web/CClientScript.php(547): CClientScript->getCoreScriptUrl()
#4 /var/www/html/vietphat/framework/web/CClientScript.php(348): CClientScript->getPackageBaseUrl('jquery')
#5 /var/www/html/vietphat/framework/web/CClientScript.php(208): CClientScript->renderCoreScripts()
#6 /var/www/html/vietphat/framework/web/CController.php(351): CClientScript->render('<!DOCTYPE html ...')
#7 /var/www/html/vietphat/framework/web/CController.php(788): CController->processOutput('<!DOCTYPE html ...')
#8 /var/www/html/vietphat/vietphat/protected/controllers/AdminController.php(134): CController->render('login', Array)
#9 /var/www/html/vietphat/framework/web/actions/CInlineAction.php(49): AdminController->actionLogin()
#10 /var/www/html/vietphat/framework/web/CController.php(308): CInlineAction->runWithParams(Array)
#11 /var/www/html/vietphat/framework/web/filters/CFilterChain.php(133): CController->runAction(Object(CInlineAction))
#12 /var/www/html/vietphat/framework/web/filters/CFilter.php(40): CFilterChain->run()
#13 /var/www/html/vietphat/framework/web/CController.php(1145): CFilter->filter(Object(CFilterChain))
#14 /var/www/html/vietphat/framework/web/filters/CInlineFilter.php(58): CController->filterAccessControl(Object(CFilterChain))
#15 /var/www/html/vietphat/framework/web/filters/CFilterChain.php(130): CInlineFilter->filter(Object(CFilterChain))
#16 /var/www/html/vietphat/framework/web/CController.php(291): CFilterChain->run()
#17 /var/www/html/vietphat/framework/web/CController.php(265): CController->runActionWithFilters(Object(CInlineAction), Array)
#18 /var/www/html/vietphat/framework/web/CWebApplication.php(282): CController->run('login')
#19 /var/www/html/vietphat/framework/web/CWebApplication.php(141): CWebApplication->runController('admin/login')
#20 /var/www/html/vietphat/framework/base/CApplication.php(180): CWebApplication->processRequest()
#21 /var/www/html/vietphat/vietphat/index.php(13): CApplication->run()
#22 {main}
REQUEST_URI=/vietphat/vietphat/admin/login
---
2017/08/10 18:58:01 [error] [exception.CDbException] exception 'CDbException' with message 'Column name must be either a string or an array.' in /var/www/html/vietphat/framework/db/schema/CDbCommandBuilder.php:828
Stack trace:
#0 /var/www/html/vietphat/framework/db/schema/CDbCommandBuilder.php(621): CDbCommandBuilder->createInCondition(Object(CMysqlTableSchema), NULL, Array, '`t`.')
#1 /var/www/html/vietphat/framework/db/ar/CActiveRecord.php(1485): CDbCommandBuilder->createPkCriteria(Object(CMysqlTableSchema), '1', '', Array, '`t`.')
#2 /var/www/html/vietphat/vietphat/protected/controllers/CategorysController.php(189): CActiveRecord->findByPk('1')
#3 /var/www/html/vietphat/vietphat/protected/controllers/CategorysController.php(44): CategorysController->loadModel('1')
#4 [internal function]: CategorysController->actionView('1')
#5 /var/www/html/vietphat/framework/web/actions/CAction.php(108): ReflectionMethod->invokeArgs(Object(CategorysController), Array)
#6 /var/www/html/vietphat/framework/web/actions/CInlineAction.php(47): CAction->runWithParamsInternal(Object(CategorysController), Object(ReflectionMethod), Array)
#7 /var/www/html/vietphat/framework/web/CController.php(308): CInlineAction->runWithParams(Array)
#8 /var/www/html/vietphat/framework/web/filters/CFilterChain.php(133): CController->runAction(Object(CInlineAction))
#9 /var/www/html/vietphat/vietphat/protected/components/Controller.php(46): CFilterChain->run()
#10 /var/www/html/vietphat/framework/web/filters/CInlineFilter.php(58): Controller->filterProjectContext(Object(CFilterChain))
#11 /var/www/html/vietphat/framework/web/filters/CFilterChain.php(130): CInlineFilter->filter(Object(CFilterChain))
#12 /var/www/html/vietphat/framework/web/filters/CFilter.php(40): CFilterChain->run()
#13 /var/www/html/vietphat/framework/web/CController.php(1145): CFilter->filter(Object(CFilterChain))
#14 /var/www/html/vietphat/framework/web/filters/CInlineFilter.php(58): CController->filterAccessControl(Object(CFilterChain))
#15 /var/www/html/vietphat/framework/web/filters/CFilterChain.php(130): CInlineFilter->filter(Object(CFilterChain))
#16 /var/www/html/vietphat/framework/web/CController.php(291): CFilterChain->run()
#17 /var/www/html/vietphat/framework/web/CController.php(265): CController->runActionWithFilters(Object(CInlineAction), Array)
#18 /var/www/html/vietphat/framework/web/CWebApplication.php(282): CController->run('view')
#19 /var/www/html/vietphat/framework/web/CWebApplication.php(141): CWebApplication->runController('categorys/view')
#20 /var/www/html/vietphat/framework/base/CApplication.php(180): CWebApplication->processRequest()
#21 /var/www/html/vietphat/vietphat/index.php(13): CApplication->run()
#22 {main}
REQUEST_URI=/vietphat/vietphat/categorys/1
HTTP_REFERER=http://52.199.62.209/vietphat/vietphat/categorys
---
2017/08/10 18:59:32 [error] [exception.CHttpException.400] exception 'CHttpException' with message 'Your request is invalid.' in /var/www/html/vietphat/framework/web/CController.php:336
Stack trace:
#0 /var/www/html/vietphat/framework/web/CController.php(309): CController->invalidActionParams(Object(CInlineAction))
#1 /var/www/html/vietphat/framework/web/filters/CFilterChain.php(133): CController->runAction(Object(CInlineAction))
#2 /var/www/html/vietphat/framework/web/filters/CFilter.php(40): CFilterChain->run()
#3 /var/www/html/vietphat/framework/web/CController.php(1145): CFilter->filter(Object(CFilterChain))
#4 /var/www/html/vietphat/framework/web/filters/CInlineFilter.php(58): CController->filterAccessControl(Object(CFilterChain))
#5 /var/www/html/vietphat/framework/web/filters/CFilterChain.php(130): CInlineFilter->filter(Object(CFilterChain))
#6 /var/www/html/vietphat/framework/web/CController.php(291): CFilterChain->run()
#7 /var/www/html/vietphat/framework/web/CController.php(265): CController->runActionWithFilters(Object(CInlineAction), Array)
#8 /var/www/html/vietphat/framework/web/CWebApplication.php(282): CController->run('update')
#9 /var/www/html/vietphat/framework/web/CWebApplication.php(141): CWebApplication->runController('categorys/updat...')
#10 /var/www/html/vietphat/framework/base/CApplication.php(180): CWebApplication->processRequest()
#11 /var/www/html/vietphat/vietphat/index.php(13): CApplication->run()
#12 {main}
REQUEST_URI=/vietphat/vietphat/categorys/update/
HTTP_REFERER=http://52.199.62.209/vietphat/vietphat/categorys/admin
---
2017/08/10 18:59:45 [error] [exception.CHttpException.400] exception 'CHttpException' with message 'Your request is invalid.' in /var/www/html/vietphat/framework/web/CController.php:336
Stack trace:
#0 /var/www/html/vietphat/framework/web/CController.php(309): CController->invalidActionParams(Object(CInlineAction))
#1 /var/www/html/vietphat/framework/web/filters/CFilterChain.php(133): CController->runAction(Object(CInlineAction))
#2 /var/www/html/vietphat/framework/web/CController.php(1116): CFilterChain->run()
#3 /var/www/html/vietphat/framework/web/filters/CInlineFilter.php(58): CController->filterPostOnly(Object(CFilterChain))
#4 /var/www/html/vietphat/framework/web/filters/CFilterChain.php(130): CInlineFilter->filter(Object(CFilterChain))
#5 /var/www/html/vietphat/framework/web/filters/CFilter.php(40): CFilterChain->run()
#6 /var/www/html/vietphat/framework/web/CController.php(1145): CFilter->filter(Object(CFilterChain))
#7 /var/www/html/vietphat/framework/web/filters/CInlineFilter.php(58): CController->filterAccessControl(Object(CFilterChain))
#8 /var/www/html/vietphat/framework/web/filters/CFilterChain.php(130): CInlineFilter->filter(Object(CFilterChain))
#9 /var/www/html/vietphat/framework/web/CController.php(291): CFilterChain->run()
#10 /var/www/html/vietphat/framework/web/CController.php(265): CController->runActionWithFilters(Object(CInlineAction), Array)
#11 /var/www/html/vietphat/framework/web/CWebApplication.php(282): CController->run('delete')
#12 /var/www/html/vietphat/framework/web/CWebApplication.php(141): CWebApplication->runController('categorys/delet...')
#13 /var/www/html/vietphat/framework/base/CApplication.php(180): CWebApplication->processRequest()
#14 /var/www/html/vietphat/vietphat/index.php(13): CApplication->run()
#15 {main}
REQUEST_URI=/vietphat/vietphat/categorys/delete/?ajax=categorys-grid
HTTP_REFERER=http://52.199.62.209/vietphat/vietphat/categorys/admin
---
2017/08/10 18:59:51 [error] [exception.CHttpException.400] exception 'CHttpException' with message 'Your request is invalid.' in /var/www/html/vietphat/framework/web/CController.php:336
Stack trace:
#0 /var/www/html/vietphat/framework/web/CController.php(309): CController->invalidActionParams(Object(CInlineAction))
#1 /var/www/html/vietphat/framework/web/filters/CFilterChain.php(133): CController->runAction(Object(CInlineAction))
#2 /var/www/html/vietphat/framework/web/CController.php(1116): CFilterChain->run()
#3 /var/www/html/vietphat/framework/web/filters/CInlineFilter.php(58): CController->filterPostOnly(Object(CFilterChain))
#4 /var/www/html/vietphat/framework/web/filters/CFilterChain.php(130): CInlineFilter->filter(Object(CFilterChain))
#5 /var/www/html/vietphat/framework/web/filters/CFilter.php(40): CFilterChain->run()
#6 /var/www/html/vietphat/framework/web/CController.php(1145): CFilter->filter(Object(CFilterChain))
#7 /var/www/html/vietphat/framework/web/filters/CInlineFilter.php(58): CController->filterAccessControl(Object(CFilterChain))
#8 /var/www/html/vietphat/framework/web/filters/CFilterChain.php(130): CInlineFilter->filter(Object(CFilterChain))
#9 /var/www/html/vietphat/framework/web/CController.php(291): CFilterChain->run()
#10 /var/www/html/vietphat/framework/web/CController.php(265): CController->runActionWithFilters(Object(CInlineAction), Array)
#11 /var/www/html/vietphat/framework/web/CWebApplication.php(282): CController->run('delete')
#12 /var/www/html/vietphat/framework/web/CWebApplication.php(141): CWebApplication->runController('categorys/delet...')
#13 /var/www/html/vietphat/framework/base/CApplication.php(180): CWebApplication->processRequest()
#14 /var/www/html/vietphat/vietphat/index.php(13): CApplication->run()
#15 {main}
REQUEST_URI=/vietphat/vietphat/categorys/delete/?ajax=categorys-grid
HTTP_REFERER=http://52.199.62.209/vietphat/vietphat/categorys/admin
---
2017/08/10 18:59:56 [error] [exception.CHttpException.404] exception 'CHttpException' with message 'Unable to resolve the request "mychu_files/menungang1.png".' in /var/www/html/vietphat/framework/web/CWebApplication.php:286
Stack trace:
#0 /var/www/html/vietphat/framework/web/CWebApplication.php(141): CWebApplication->runController('mychu_files/men...')
#1 /var/www/html/vietphat/framework/base/CApplication.php(180): CWebApplication->processRequest()
#2 /var/www/html/vietphat/vietphat/index.php(13): CApplication->run()
#3 {main}
REQUEST_URI=/vietphat/vietphat/mychu_files/menungang1.png
HTTP_REFERER=http://52.199.62.209/vietphat/vietphat/
---
2017/08/10 19:00:34 [error] [exception.CHttpException.400] exception 'CHttpException' with message 'Your request is invalid.' in /var/www/html/vietphat/framework/web/CController.php:336
Stack trace:
#0 /var/www/html/vietphat/framework/web/CController.php(309): CController->invalidActionParams(Object(CInlineAction))
#1 /var/www/html/vietphat/framework/web/filters/CFilterChain.php(133): CController->runAction(Object(CInlineAction))
#2 /var/www/html/vietphat/framework/web/CController.php(1116): CFilterChain->run()
#3 /var/www/html/vietphat/framework/web/filters/CInlineFilter.php(58): CController->filterPostOnly(Object(CFilterChain))
#4 /var/www/html/vietphat/framework/web/filters/CFilterChain.php(130): CInlineFilter->filter(Object(CFilterChain))
#5 /var/www/html/vietphat/framework/web/filters/CFilter.php(40): CFilterChain->run()
#6 /var/www/html/vietphat/framework/web/CController.php(1145): CFilter->filter(Object(CFilterChain))
#7 /var/www/html/vietphat/framework/web/filters/CInlineFilter.php(58): CController->filterAccessControl(Object(CFilterChain))
#8 /var/www/html/vietphat/framework/web/filters/CFilterChain.php(130): CInlineFilter->filter(Object(CFilterChain))
#9 /var/www/html/vietphat/framework/web/CController.php(291): CFilterChain->run()
#10 /var/www/html/vietphat/framework/web/CController.php(265): CController->runActionWithFilters(Object(CInlineAction), Array)
#11 /var/www/html/vietphat/framework/web/CWebApplication.php(282): CController->run('delete')
#12 /var/www/html/vietphat/framework/web/CWebApplication.php(141): CWebApplication->runController('categorys/delet...')
#13 /var/www/html/vietphat/framework/base/CApplication.php(180): CWebApplication->processRequest()
#14 /var/www/html/vietphat/vietphat/index.php(13): CApplication->run()
#15 {main}
REQUEST_URI=/vietphat/vietphat/categorys/delete/?ajax=categorys-grid
HTTP_REFERER=http://52.199.62.209/vietphat/vietphat/categorys/admin
---
2017/08/10 19:00:38 [error] [exception.CHttpException.404] exception 'CHttpException' with message 'Unable to resolve the request "mychu_files/menungang1.png".' in /var/www/html/vietphat/framework/web/CWebApplication.php:286
Stack trace:
#0 /var/www/html/vietphat/framework/web/CWebApplication.php(141): CWebApplication->runController('mychu_files/men...')
#1 /var/www/html/vietphat/framework/base/CApplication.php(180): CWebApplication->processRequest()
#2 /var/www/html/vietphat/vietphat/index.php(13): CApplication->run()
#3 {main}
REQUEST_URI=/vietphat/vietphat/mychu_files/menungang1.png
HTTP_REFERER=http://52.199.62.209/vietphat/vietphat/
---
2017/08/14 18:31:19 [error] [exception.CHttpException.404] exception 'CHttpException' with message 'Unable to resolve the request "mychu_files/menungang1.png".' in /var/www/html/vietphat/framework/web/CWebApplication.php:286
Stack trace:
#0 /var/www/html/vietphat/framework/web/CWebApplication.php(141): CWebApplication->runController('mychu_files/men...')
#1 /var/www/html/vietphat/framework/base/CApplication.php(180): CWebApplication->processRequest()
#2 /var/www/html/vietphat/vietphat/index.php(13): CApplication->run()
#3 {main}
REQUEST_URI=/vietphat/vietphat/mychu_files/menungang1.png
HTTP_REFERER=http://52.199.62.209/vietphat/vietphat/
---
2017/08/14 18:49:48 [error] [exception.CHttpException.404] exception 'CHttpException' with message 'Unable to resolve the request "mychu_files/menungang1.png".' in /var/www/html/vietphat/framework/web/CWebApplication.php:286
Stack trace:
#0 /var/www/html/vietphat/framework/web/CWebApplication.php(141): CWebApplication->runController('mychu_files/men...')
#1 /var/www/html/vietphat/framework/base/CApplication.php(180): CWebApplication->processRequest()
#2 /var/www/html/vietphat/vietphat/index.php(13): CApplication->run()
#3 {main}
REQUEST_URI=/vietphat/vietphat/mychu_files/menungang1.png
HTTP_REFERER=http://52.199.62.209/vietphat/vietphat/
---
2017/09/20 14:55:39 [error] [exception.CHttpException.404] exception 'CHttpException' with message 'Unable to resolve the request "mychu_files/menungang1.png".' in /var/www/html/vietphat/framework/web/CWebApplication.php:286
Stack trace:
#0 /var/www/html/vietphat/framework/web/CWebApplication.php(141): CWebApplication->runController('mychu_files/men...')
#1 /var/www/html/vietphat/framework/base/CApplication.php(180): CWebApplication->processRequest()
#2 /var/www/html/vietphat/vietphat/index.php(13): CApplication->run()
#3 {main}
REQUEST_URI=/vietphat/vietphat/mychu_files/menungang1.png
HTTP_REFERER=http://52.199.62.209/vietphat/vietphat/
---
2017/09/20 14:55:39 [error] [exception.CHttpException.404] exception 'CHttpException' with message 'Unable to resolve the request "mychu_files/menungang1.png".' in /var/www/html/vietphat/framework/web/CWebApplication.php:286
Stack trace:
#0 /var/www/html/vietphat/framework/web/CWebApplication.php(141): CWebApplication->runController('mychu_files/men...')
#1 /var/www/html/vietphat/framework/base/CApplication.php(180): CWebApplication->processRequest()
#2 /var/www/html/vietphat/vietphat/index.php(13): CApplication->run()
#3 {main}
REQUEST_URI=/vietphat/vietphat/mychu_files/menungang1.png
HTTP_REFERER=http://52.199.62.209/vietphat/vietphat/
---
2017/09/20 14:56:09 [error] [exception.CHttpException.404] exception 'CHttpException' with message 'The system is unable to find the requested action "mychu_files".' in /var/www/html/vietphat/framework/web/CController.php:483
Stack trace:
#0 /var/www/html/vietphat/framework/web/CController.php(270): CController->missingAction('mychu_files')
#1 /var/www/html/vietphat/framework/web/CWebApplication.php(282): CController->run('mychu_files')
#2 /var/www/html/vietphat/framework/web/CWebApplication.php(141): CWebApplication->runController('store/mychu_fil...')
#3 /var/www/html/vietphat/framework/base/CApplication.php(180): CWebApplication->processRequest()
#4 /var/www/html/vietphat/vietphat/index.php(13): CApplication->run()
#5 {main}
REQUEST_URI=/vietphat/vietphat/store/mychu_files/menungang1.png
HTTP_REFERER=http://52.199.62.209/vietphat/vietphat/store/index
---
2017/09/20 14:56:11 [error] [exception.CDbException] exception 'CDbException' with message 'Column name must be either a string or an array.' in /var/www/html/vietphat/framework/db/schema/CDbCommandBuilder.php:828
Stack trace:
#0 /var/www/html/vietphat/framework/db/schema/CDbCommandBuilder.php(621): CDbCommandBuilder->createInCondition(Object(CMysqlTableSchema), NULL, Array, '`t`.')
#1 /var/www/html/vietphat/framework/db/ar/CActiveRecord.php(1485): CDbCommandBuilder->createPkCriteria(Object(CMysqlTableSchema), '3', '', Array, '`t`.')
#2 /var/www/html/vietphat/vietphat/protected/controllers/ChinhsachController.php(155): CActiveRecord->findByPk('3')
#3 /var/www/html/vietphat/vietphat/protected/controllers/ChinhsachController.php(55): ChinhsachController->loadModel('3')
#4 [internal function]: ChinhsachController->actionView('3')
#5 /var/www/html/vietphat/framework/web/actions/CAction.php(108): ReflectionMethod->invokeArgs(Object(ChinhsachController), Array)
#6 /var/www/html/vietphat/framework/web/actions/CInlineAction.php(47): CAction->runWithParamsInternal(Object(ChinhsachController), Object(ReflectionMethod), Array)
#7 /var/www/html/vietphat/framework/web/CController.php(308): CInlineAction->runWithParams(Array)
#8 /var/www/html/vietphat/framework/web/filters/CFilterChain.php(133): CController->runAction(Object(CInlineAction))
#9 /var/www/html/vietphat/vietphat/protected/components/Controller.php(46): CFilterChain->run()
#10 /var/www/html/vietphat/framework/web/filters/CInlineFilter.php(58): Controller->filterProjectContext(Object(CFilterChain))
#11 /var/www/html/vietphat/framework/web/filters/CFilterChain.php(130): CInlineFilter->filter(Object(CFilterChain))
#12 /var/www/html/vietphat/framework/web/filters/CFilter.php(40): CFilterChain->run()
#13 /var/www/html/vietphat/framework/web/CController.php(1145): CFilter->filter(Object(CFilterChain))
#14 /var/www/html/vietphat/framework/web/filters/CInlineFilter.php(58): CController->filterAccessControl(Object(CFilterChain))
#15 /var/www/html/vietphat/framework/web/filters/CFilterChain.php(130): CInlineFilter->filter(Object(CFilterChain))
#16 /var/www/html/vietphat/framework/web/CController.php(291): CFilterChain->run()
#17 /var/www/html/vietphat/framework/web/CController.php(265): CController->runActionWithFilters(Object(CInlineAction), Array)
#18 /var/www/html/vietphat/framework/web/CWebApplication.php(282): CController->run('view')
#19 /var/www/html/vietphat/framework/web/CWebApplication.php(141): CWebApplication->runController('Chinhsach/view')
#20 /var/www/html/vietphat/framework/base/CApplication.php(180): CWebApplication->processRequest()
#21 /var/www/html/vietphat/vietphat/index.php(13): CApplication->run()
#22 {main}
REQUEST_URI=/vietphat/vietphat/Chinhsach/3
HTTP_REFERER=http://52.199.62.209/vietphat/vietphat/store/index
---
2017/09/20 14:56:24 [error] [exception.CHttpException.404] exception 'CHttpException' with message 'The system is unable to find the requested action "mychu_files".' in /var/www/html/vietphat/framework/web/CController.php:483
Stack trace:
#0 /var/www/html/vietphat/framework/web/CController.php(270): CController->missingAction('mychu_files')
#1 /var/www/html/vietphat/framework/web/CWebApplication.php(282): CController->run('mychu_files')
#2 /var/www/html/vietphat/framework/web/CWebApplication.php(141): CWebApplication->runController('store/mychu_fil...')
#3 /var/www/html/vietphat/framework/base/CApplication.php(180): CWebApplication->processRequest()
#4 /var/www/html/vietphat/vietphat/index.php(13): CApplication->run()
#5 {main}
REQUEST_URI=/vietphat/vietphat/store/mychu_files/menungang1.png
HTTP_REFERER=http://52.199.62.209/vietphat/vietphat/store/index
---
2017/09/20 14:56:28 [error] [exception.CHttpException.404] exception 'CHttpException' with message 'The system is unable to find the requested action "mychu_files".' in /var/www/html/vietphat/framework/web/CController.php:483
Stack trace:
#0 /var/www/html/vietphat/framework/web/CController.php(270): CController->missingAction('mychu_files')
#1 /var/www/html/vietphat/framework/web/CWebApplication.php(282): CController->run('mychu_files')
#2 /var/www/html/vietphat/framework/web/CWebApplication.php(141): CWebApplication->runController('categorys/mychu...')
#3 /var/www/html/vietphat/framework/base/CApplication.php(180): CWebApplication->processRequest()
#4 /var/www/html/vietphat/vietphat/index.php(13): CApplication->run()
#5 {main}
REQUEST_URI=/vietphat/vietphat/categorys/mychu_files/menungang1.png
HTTP_REFERER=http://52.199.62.209/vietphat/vietphat/categorys/index
---
2017/09/20 14:56:28 [error] [exception.CHttpException.404] exception 'CHttpException' with message 'Unable to resolve the request "images/Product/a8a89db81036e9035e1f1dfcdc6993c8.jpg".' in /var/www/html/vietphat/framework/web/CWebApplication.php:286
Stack trace:
#0 /var/www/html/vietphat/framework/web/CWebApplication.php(141): CWebApplication->runController('images/Product/...')
#1 /var/www/html/vietphat/framework/base/CApplication.php(180): CWebApplication->processRequest()
#2 /var/www/html/vietphat/vietphat/index.php(13): CApplication->run()
#3 {main}
REQUEST_URI=/vietphat/vietphat/images/Product/a8a89db81036e9035e1f1dfcdc6993c8.jpg
HTTP_REFERER=http://52.199.62.209/vietphat/vietphat/categorys/index
---
2017/09/20 14:56:29 [error] [exception.CHttpException.404] exception 'CHttpException' with message 'Unable to resolve the request "images/Product/a8a89db81036e9035e1f1dfcdc6993c8.jpg".' in /var/www/html/vietphat/framework/web/CWebApplication.php:286
Stack trace:
#0 /var/www/html/vietphat/framework/web/CWebApplication.php(141): CWebApplication->runController('images/Product/...')
#1 /var/www/html/vietphat/framework/base/CApplication.php(180): CWebApplication->processRequest()
#2 /var/www/html/vietphat/vietphat/index.php(13): CApplication->run()
#3 {main}
REQUEST_URI=/vietphat/vietphat/images/Product/a8a89db81036e9035e1f1dfcdc6993c8.jpg
HTTP_REFERER=http://52.199.62.209/vietphat/vietphat/categorys/index
---
2017/09/20 14:56:29 [error] [exception.CHttpException.404] exception 'CHttpException' with message 'The system is unable to find the requested action "mychu_files".' in /var/www/html/vietphat/framework/web/CController.php:483
Stack trace:
#0 /var/www/html/vietphat/framework/web/CController.php(270): CController->missingAction('mychu_files')
#1 /var/www/html/vietphat/framework/web/CWebApplication.php(282): CController->run('mychu_files')
#2 /var/www/html/vietphat/framework/web/CWebApplication.php(141): CWebApplication->runController('categorys/mychu...')
#3 /var/www/html/vietphat/framework/base/CApplication.php(180): CWebApplication->processRequest()
#4 /var/www/html/vietphat/vietphat/index.php(13): CApplication->run()
#5 {main}
REQUEST_URI=/vietphat/vietphat/categorys/mychu_files/menungang1.png
HTTP_REFERER=http://52.199.62.209/vietphat/vietphat/categorys/index
---
2017/09/20 14:56:31 [error] [exception.CDbException] exception 'CDbException' with message 'Column name must be either a string or an array.' in /var/www/html/vietphat/framework/db/schema/CDbCommandBuilder.php:828
Stack trace:
#0 /var/www/html/vietphat/framework/db/schema/CDbCommandBuilder.php(621): CDbCommandBuilder->createInCondition(Object(CMysqlTableSchema), NULL, Array, '`t`.')
#1 /var/www/html/vietphat/framework/db/ar/CActiveRecord.php(1485): CDbCommandBuilder->createPkCriteria(Object(CMysqlTableSchema), '2', '', Array, '`t`.')
#2 /var/www/html/vietphat/vietphat/protected/controllers/CategorysController.php(189): CActiveRecord->findByPk('2')
#3 /var/www/html/vietphat/vietphat/protected/controllers/CategorysController.php(44): CategorysController->loadModel('2')
#4 [internal function]: CategorysController->actionView('2')
#5 /var/www/html/vietphat/framework/web/actions/CAction.php(108): ReflectionMethod->invokeArgs(Object(CategorysController), Array)
#6 /var/www/html/vietphat/framework/web/actions/CInlineAction.php(47): CAction->runWithParamsInternal(Object(CategorysController), Object(ReflectionMethod), Array)
#7 /var/www/html/vietphat/framework/web/CController.php(308): CInlineAction->runWithParams(Array)
#8 /var/www/html/vietphat/framework/web/filters/CFilterChain.php(133): CController->runAction(Object(CInlineAction))
#9 /var/www/html/vietphat/vietphat/protected/components/Controller.php(46): CFilterChain->run()
#10 /var/www/html/vietphat/framework/web/filters/CInlineFilter.php(58): Controller->filterProjectContext(Object(CFilterChain))
#11 /var/www/html/vietphat/framework/web/filters/CFilterChain.php(130): CInlineFilter->filter(Object(CFilterChain))
#12 /var/www/html/vietphat/framework/web/filters/CFilter.php(40): CFilterChain->run()
#13 /var/www/html/vietphat/framework/web/CController.php(1145): CFilter->filter(Object(CFilterChain))
#14 /var/www/html/vietphat/framework/web/filters/CInlineFilter.php(58): CController->filterAccessControl(Object(CFilterChain))
#15 /var/www/html/vietphat/framework/web/filters/CFilterChain.php(130): CInlineFilter->filter(Object(CFilterChain))
#16 /var/www/html/vietphat/framework/web/CController.php(291): CFilterChain->run()
#17 /var/www/html/vietphat/framework/web/CController.php(265): CController->runActionWithFilters(Object(CInlineAction), Array)
#18 /var/www/html/vietphat/framework/web/CWebApplication.php(282): CController->run('view')
#19 /var/www/html/vietphat/framework/web/CWebApplication.php(141): CWebApplication->runController('categorys/view')
#20 /var/www/html/vietphat/framework/base/CApplication.php(180): CWebApplication->processRequest()
#21 /var/www/html/vietphat/vietphat/index.php(13): CApplication->run()
#22 {main}
REQUEST_URI=/vietphat/vietphat/categorys/2
HTTP_REFERER=http://52.199.62.209/vietphat/vietphat/categorys/index
---
2017/09/20 14:56:34 [error] [exception.CHttpException.404] exception 'CHttpException' with message 'Unable to resolve the request "images/Product/a8a89db81036e9035e1f1dfcdc6993c8.jpg".' in /var/www/html/vietphat/framework/web/CWebApplication.php:286
Stack trace:
#0 /var/www/html/vietphat/framework/web/CWebApplication.php(141): CWebApplication->runController('images/Product/...')
#1 /var/www/html/vietphat/framework/base/CApplication.php(180): CWebApplication->processRequest()
#2 /var/www/html/vietphat/vietphat/index.php(13): CApplication->run()
#3 {main}
REQUEST_URI=/vietphat/vietphat/images/Product/a8a89db81036e9035e1f1dfcdc6993c8.jpg
HTTP_REFERER=http://52.199.62.209/vietphat/vietphat/categorys/index
---
2017/09/20 14:56:34 [error] [exception.CHttpException.404] exception 'CHttpException' with message 'The system is unable to find the requested action "mychu_files".' in /var/www/html/vietphat/framework/web/CController.php:483
Stack trace:
#0 /var/www/html/vietphat/framework/web/CController.php(270): CController->missingAction('mychu_files')
#1 /var/www/html/vietphat/framework/web/CWebApplication.php(282): CController->run('mychu_files')
#2 /var/www/html/vietphat/framework/web/CWebApplication.php(141): CWebApplication->runController('categorys/mychu...')
#3 /var/www/html/vietphat/framework/base/CApplication.php(180): CWebApplication->processRequest()
#4 /var/www/html/vietphat/vietphat/index.php(13): CApplication->run()
#5 {main}
REQUEST_URI=/vietphat/vietphat/categorys/mychu_files/menungang1.png
HTTP_REFERER=http://52.199.62.209/vietphat/vietphat/categorys/index
---
2017/09/20 14:56:37 [error] [exception.CDbException] exception 'CDbException' with message 'Column name must be either a string or an array.' in /var/www/html/vietphat/framework/db/schema/CDbCommandBuilder.php:828
Stack trace:
#0 /var/www/html/vietphat/framework/db/schema/CDbCommandBuilder.php(621): CDbCommandBuilder->createInCondition(Object(CMysqlTableSchema), NULL, Array, '`t`.')
#1 /var/www/html/vietphat/framework/db/ar/CActiveRecord.php(1485): CDbCommandBuilder->createPkCriteria(Object(CMysqlTableSchema), '1', '', Array, '`t`.')
#2 /var/www/html/vietphat/vietphat/protected/controllers/CategorysController.php(189): CActiveRecord->findByPk('1')
#3 /var/www/html/vietphat/vietphat/protected/controllers/CategorysController.php(44): CategorysController->loadModel('1')
#4 [internal function]: CategorysController->actionView('1')
#5 /var/www/html/vietphat/framework/web/actions/CAction.php(108): ReflectionMethod->invokeArgs(Object(CategorysController), Array)
#6 /var/www/html/vietphat/framework/web/actions/CInlineAction.php(47): CAction->runWithParamsInternal(Object(CategorysController), Object(ReflectionMethod), Array)
#7 /var/www/html/vietphat/framework/web/CController.php(308): CInlineAction->runWithParams(Array)
#8 /var/www/html/vietphat/framework/web/filters/CFilterChain.php(133): CController->runAction(Object(CInlineAction))
#9 /var/www/html/vietphat/vietphat/protected/components/Controller.php(46): CFilterChain->run()
#10 /var/www/html/vietphat/framework/web/filters/CInlineFilter.php(58): Controller->filterProjectContext(Object(CFilterChain))
#11 /var/www/html/vietphat/framework/web/filters/CFilterChain.php(130): CInlineFilter->filter(Object(CFilterChain))
#12 /var/www/html/vietphat/framework/web/filters/CFilter.php(40): CFilterChain->run()
#13 /var/www/html/vietphat/framework/web/CController.php(1145): CFilter->filter(Object(CFilterChain))
#14 /var/www/html/vietphat/framework/web/filters/CInlineFilter.php(58): CController->filterAccessControl(Object(CFilterChain))
#15 /var/www/html/vietphat/framework/web/filters/CFilterChain.php(130): CInlineFilter->filter(Object(CFilterChain))
#16 /var/www/html/vietphat/framework/web/CController.php(291): CFilterChain->run()
#17 /var/www/html/vietphat/framework/web/CController.php(265): CController->runActionWithFilters(Object(CInlineAction), Array)
#18 /var/www/html/vietphat/framework/web/CWebApplication.php(282): CController->run('view')
#19 /var/www/html/vietphat/framework/web/CWebApplication.php(141): CWebApplication->runController('categorys/view')
#20 /var/www/html/vietphat/framework/base/CApplication.php(180): CWebApplication->processRequest()
#21 /var/www/html/vietphat/vietphat/index.php(13): CApplication->run()
#22 {main}
REQUEST_URI=/vietphat/vietphat/categorys/1
HTTP_REFERER=http://52.199.62.209/vietphat/vietphat/categorys/index
---
2017/09/20 14:56:39 [error] [exception.CHttpException.404] exception 'CHttpException' with message 'The system is unable to find the requested action "mychu_files".' in /var/www/html/vietphat/framework/web/CController.php:483
Stack trace:
#0 /var/www/html/vietphat/framework/web/CController.php(270): CController->missingAction('mychu_files')
#1 /var/www/html/vietphat/framework/web/CWebApplication.php(282): CController->run('mychu_files')
#2 /var/www/html/vietphat/framework/web/CWebApplication.php(141): CWebApplication->runController('categorys/mychu...')
#3 /var/www/html/vietphat/framework/base/CApplication.php(180): CWebApplication->processRequest()
#4 /var/www/html/vietphat/vietphat/index.php(13): CApplication->run()
#5 {main}
REQUEST_URI=/vietphat/vietphat/categorys/mychu_files/menungang1.png
HTTP_REFERER=http://52.199.62.209/vietphat/vietphat/categorys/index
---
2017/09/20 14:56:39 [error] [exception.CHttpException.404] exception 'CHttpException' with message 'Unable to resolve the request "images/Product/a8a89db81036e9035e1f1dfcdc6993c8.jpg".' in /var/www/html/vietphat/framework/web/CWebApplication.php:286
Stack trace:
#0 /var/www/html/vietphat/framework/web/CWebApplication.php(141): CWebApplication->runController('images/Product/...')
#1 /var/www/html/vietphat/framework/base/CApplication.php(180): CWebApplication->processRequest()
#2 /var/www/html/vietphat/vietphat/index.php(13): CApplication->run()
#3 {main}
REQUEST_URI=/vietphat/vietphat/images/Product/a8a89db81036e9035e1f1dfcdc6993c8.jpg
HTTP_REFERER=http://52.199.62.209/vietphat/vietphat/categorys/index
---
2017/09/20 14:58:05 [error] [exception.CDbException] exception 'CDbException' with message 'Column name must be either a string or an array.' in /var/www/html/vietphat/framework/db/schema/CDbCommandBuilder.php:828
Stack trace:
#0 /var/www/html/vietphat/framework/db/schema/CDbCommandBuilder.php(621): CDbCommandBuilder->createInCondition(Object(CMysqlTableSchema), NULL, Array, '`t`.')
#1 /var/www/html/vietphat/framework/db/ar/CActiveRecord.php(1485): CDbCommandBuilder->createPkCriteria(Object(CMysqlTableSchema), '2', '', Array, '`t`.')
#2 /var/www/html/vietphat/vietphat/protected/controllers/CategorysController.php(189): CActiveRecord->findByPk('2')
#3 /var/www/html/vietphat/vietphat/protected/controllers/CategorysController.php(44): CategorysController->loadModel('2')
#4 [internal function]: CategorysController->actionView('2')
#5 /var/www/html/vietphat/framework/web/actions/CAction.php(108): ReflectionMethod->invokeArgs(Object(CategorysController), Array)
#6 /var/www/html/vietphat/framework/web/actions/CInlineAction.php(47): CAction->runWithParamsInternal(Object(CategorysController), Object(ReflectionMethod), Array)
#7 /var/www/html/vietphat/framework/web/CController.php(308): CInlineAction->runWithParams(Array)
#8 /var/www/html/vietphat/framework/web/filters/CFilterChain.php(133): CController->runAction(Object(CInlineAction))
#9 /var/www/html/vietphat/vietphat/protected/components/Controller.php(46): CFilterChain->run()
#10 /var/www/html/vietphat/framework/web/filters/CInlineFilter.php(58): Controller->filterProjectContext(Object(CFilterChain))
#11 /var/www/html/vietphat/framework/web/filters/CFilterChain.php(130): CInlineFilter->filter(Object(CFilterChain))
#12 /var/www/html/vietphat/framework/web/filters/CFilter.php(40): CFilterChain->run()
#13 /var/www/html/vietphat/framework/web/CController.php(1145): CFilter->filter(Object(CFilterChain))
#14 /var/www/html/vietphat/framework/web/filters/CInlineFilter.php(58): CController->filterAccessControl(Object(CFilterChain))
#15 /var/www/html/vietphat/framework/web/filters/CFilterChain.php(130): CInlineFilter->filter(Object(CFilterChain))
#16 /var/www/html/vietphat/framework/web/CController.php(291): CFilterChain->run()
#17 /var/www/html/vietphat/framework/web/CController.php(265): CController->runActionWithFilters(Object(CInlineAction), Array)
#18 /var/www/html/vietphat/framework/web/CWebApplication.php(282): CController->run('view')
#19 /var/www/html/vietphat/framework/web/CWebApplication.php(141): CWebApplication->runController('categorys/view')
#20 /var/www/html/vietphat/framework/base/CApplication.php(180): CWebApplication->processRequest()
#21 /var/www/html/vietphat/vietphat/index.php(13): CApplication->run()
#22 {main}
REQUEST_URI=/vietphat/vietphat/categorys/2
HTTP_REFERER=http://52.199.62.209/vietphat/vietphat/categorys/index
---
2017/09/20 14:58:16 [error] [exception.CHttpException.404] exception 'CHttpException' with message 'The system is unable to find the requested action "mychu_files".' in /var/www/html/vietphat/framework/web/CController.php:483
Stack trace:
#0 /var/www/html/vietphat/framework/web/CController.php(270): CController->missingAction('mychu_files')
#1 /var/www/html/vietphat/framework/web/CWebApplication.php(282): CController->run('mychu_files')
#2 /var/www/html/vietphat/framework/web/CWebApplication.php(141): CWebApplication->runController('categorys/mychu...')
#3 /var/www/html/vietphat/framework/base/CApplication.php(180): CWebApplication->processRequest()
#4 /var/www/html/vietphat/vietphat/index.php(13): CApplication->run()
#5 {main}
REQUEST_URI=/vietphat/vietphat/categorys/mychu_files/menungang1.png
HTTP_REFERER=http://52.199.62.209/vietphat/vietphat/categorys/index
---
2017/09/20 14:58:16 [error] [exception.CHttpException.404] exception 'CHttpException' with message 'Unable to resolve the request "images/Product/a8a89db81036e9035e1f1dfcdc6993c8.jpg".' in /var/www/html/vietphat/framework/web/CWebApplication.php:286
Stack trace:
#0 /var/www/html/vietphat/framework/web/CWebApplication.php(141): CWebApplication->runController('images/Product/...')
#1 /var/www/html/vietphat/framework/base/CApplication.php(180): CWebApplication->processRequest()
#2 /var/www/html/vietphat/vietphat/index.php(13): CApplication->run()
#3 {main}
REQUEST_URI=/vietphat/vietphat/images/Product/a8a89db81036e9035e1f1dfcdc6993c8.jpg
HTTP_REFERER=http://52.199.62.209/vietphat/vietphat/categorys/index
---
